#
# A fatal error has been detected by the Java Runtime Environment:
#
#  EXCEPTION_ACCESS_VIOLATION (0xc0000005) at pc=0x6e9aed7b, pid=11248, tid=16188
#
# JRE version: Java(TM) SE Runtime Environment (7.0_79-b15) (build 1.7.0_79-b15)
# Java VM: Java HotSpot(TM) Client VM (24.79-b02 mixed mode windows-x86 )
# Problematic frame:
# V  [jvm.dll+0xded7b]
#
# Failed to write core dump. Minidumps are not enabled by default on client versions of Windows
#
# If you would like to submit a bug report, please visit:
#   http://bugreport.java.com/bugreport/crash.jsp
#

---------------  T H R E A D  ---------------

Current thread (0x16db2c00):  JavaThread "JDWP Transport Listener: dt_socket" daemon [_thread_in_vm, id=16188, stack(0x17770000,0x177c0000)]

siginfo: ExceptionCode=0xc0000005, reading address 0x3b726f74

Registers:
EAX=0x3b726f74, EBX=0x00000000, ECX=0x3b726f74, EDX=0x00000000
ESP=0x177bf9c4, EBP=0x177bf9c8, ESI=0x00868998, EDI=0x177bfaa8
EIP=0x6e9aed7b, EFLAGS=0x00010206

Top of Stack: (sp=0x177bf9c4)
0x177bf9c4:   00868998 177bf9f0 6eae242a 3b726f74
0x177bf9d4:   177bfa2b 16db2c00 00000000 00000000
0x177bf9e4:   00000000 16db2c00 16db2c00 177bfa2c
0x177bf9f4:   6d6e9d8d 00868998 3b726f74 177bfa2b
0x177bfa04:   3b726f74 6d6d436d 3b726f74 177bfa2b
0x177bfa14:   0000000a 00000000 00000000 0000000a
0x177bfa24:   00000000 00dbf928 177bfa4c 6d6d44e0
0x177bfa34:   00000001 177bfa68 177bfaa4 180d7f20 

Instructions: (pc=0x6e9aed7b)
0x6e9aed5b:   89 4f 04 8b 56 0c 89 57 08 8b 46 10 89 47 0c 5f
0x6e9aed6b:   5e 5d c2 0c 00 55 8b ec 8b 45 08 56 85 c0 74 28
0x6e9aed7b:   8b 30 85 f6 74 22 81 fe fe fe fe fe 74 1a 8b 4e
0x6e9aed8b:   04 8b 41 08 8b 90 94 00 00 00 83 c1 08 ff d2 84 


Register to memory mapping:

EAX=0x3b726f74 is an unknown value
EBX=0x00000000 is an unknown value
ECX=0x3b726f74 is an unknown value
EDX=0x00000000 is an unknown value
ESP=0x177bf9c4 is pointing into the stack for thread: 0x16db2c00
EBP=0x177bf9c8 is pointing into the stack for thread: 0x16db2c00
ESI=0x00868998 is an unknown value
EDI=0x177bfaa8 is pointing into the stack for thread: 0x16db2c00


Stack: [0x17770000,0x177c0000],  sp=0x177bf9c4,  free space=318k
Native frames: (J=compiled Java code, j=interpreted, Vv=VM code, C=native code)
V  [jvm.dll+0xded7b]
V  [jvm.dll+0x21242a]
C  [jdwp.dll+0x19d8d]
C  [jdwp.dll+0x44e0]
C  [jdwp.dll+0x451e]


---------------  P R O C E S S  ---------------

Java Threads: ( => current thread )
  0x16f0fc00 JavaThread "Abandoned connection cleanup thread" daemon [_thread_blocked, id=11412, stack(0x17e90000,0x17ee0000)]
  0x16dca400 JavaThread "Service Thread" daemon [_thread_blocked, id=21136, stack(0x17df0000,0x17e40000)]
  0x16dc0800 JavaThread "C1 CompilerThread0" daemon [_thread_blocked, id=17164, stack(0x17da0000,0x17df0000)]
  0x16db7000 JavaThread "JDWP Command Reader" daemon [_thread_in_native, id=14660, stack(0x17910000,0x17960000)]
  0x16db5400 JavaThread "JDWP Event Helper Thread" daemon [_thread_blocked, id=13304, stack(0x178c0000,0x17910000)]
=>0x16db2c00 JavaThread "JDWP Transport Listener: dt_socket" daemon [_thread_in_vm, id=16188, stack(0x17770000,0x177c0000)]
  0x16da4c00 JavaThread "Attach Listener" daemon [_thread_blocked, id=17300, stack(0x16fd0000,0x17020000)]
  0x16da3800 JavaThread "Signal Dispatcher" daemon [_thread_blocked, id=14372, stack(0x16f80000,0x16fd0000)]
  0x00ac8400 JavaThread "Finalizer" daemon [_thread_blocked, id=13356, stack(0x16d30000,0x16d80000)]
  0x00ac3400 JavaThread "Reference Handler" daemon [_thread_blocked, id=15548, stack(0x16ce0000,0x16d30000)]
  0x0086cc00 JavaThread "main" [_thread_blocked, id=10364, stack(0x00950000,0x009a0000)]

Other Threads:
  0x00ac0800 VMThread [stack: 0x16c90000,0x16ce0000] [id=18080]
  0x16de5c00 WatcherThread [stack: 0x17e40000,0x17e90000] [id=12576]

VM state:not at safepoint (normal execution)

VM Mutex/Monitor currently owned by a thread: None

Heap
 def new generation   total 4928K, used 2169K [0x02c00000, 0x03150000, 0x08150000)
  eden space 4416K,  37% used [0x02c00000, 0x02d9e6c8, 0x03050000)
  from space 512K, 100% used [0x03050000, 0x030d0000, 0x030d0000)
  to   space 512K,   0% used [0x030d0000, 0x030d0000, 0x03150000)
 tenured generation   total 10944K, used 2034K [0x08150000, 0x08c00000, 0x12c00000)
   the space 10944K,  18% used [0x08150000, 0x0834c9c8, 0x0834ca00, 0x08c00000)
 compacting perm gen  total 12288K, used 5377K [0x12c00000, 0x13800000, 0x16c00000)
   the space 12288K,  43% used [0x12c00000, 0x13140648, 0x13140800, 0x13800000)
No shared spaces configured.

Card table byte_map: [0x02b50000,0x02c00000] byte_map_base: 0x02b3a000

Polling page: 0x009a0000

Code Cache  [0x00ad0000, 0x00bc8000, 0x02ad0000)
 total_blobs=342 nmethods=183 adapters=104 free_code_cache=31798Kb largest_free_block=32560896

Compilation events (10 events):
Event: 1.633 Thread 0x16dc0800  180             java.util.regex.Pattern$Curly::match (86 bytes)
Event: 1.633 Thread 0x16dc0800 nmethod 180 0x00bc1188 code [0x00bc12c0, 0x00bc1480]
Event: 1.634 Thread 0x16dc0800  181             java.util.regex.Pattern$Dot::isSatisfiedBy (34 bytes)
Event: 1.634 Thread 0x16dc0800 nmethod 181 0x00bc15c8 code [0x00bc16c0, 0x00bc1780]
Event: 1.634 Thread 0x16dc0800  182             java.util.regex.Pattern$GroupTail::match (111 bytes)
Event: 1.635 Thread 0x16dc0800 nmethod 182 0x00bc17c8 code [0x00bc18f0, 0x00bc1acc]
Event: 67.421 Thread 0x16dc0800  183             java.lang.ref.ReferenceQueue::reallyPoll (69 bytes)
Event: 67.422 Thread 0x16dc0800 nmethod 183 0x00bc1dc8 code [0x00bc1ed0, 0x00bc2030]
Event: 134.270 Thread 0x16dc0800  184   !         java.lang.ref.ReferenceQueue::remove (80 bytes)
Event: 134.271 Thread 0x16dc0800 nmethod 184 0x00bc20c8 code [0x00bc2220, 0x00bc2650]

GC Heap History (4 events):
Event: 0.966 GC heap before
{Heap before GC invocations=0 (full 0):
 def new generation   total 4928K, used 4416K [0x02c00000, 0x03150000, 0x08150000)
  eden space 4416K, 100% used [0x02c00000, 0x03050000, 0x03050000)
  from space 512K,   0% used [0x03050000, 0x03050000, 0x030d0000)
  to   space 512K,   0% used [0x030d0000, 0x030d0000, 0x03150000)
 tenured generation   total 10944K, used 0K [0x08150000, 0x08c00000, 0x12c00000)
   the space 10944K,   0% used [0x08150000, 0x08150000, 0x08150200, 0x08c00000)
 compacting perm gen  total 12288K, used 3496K [0x12c00000, 0x13800000, 0x16c00000)
   the space 12288K,  28% used [0x12c00000, 0x12f6a2e0, 0x12f6a400, 0x13800000)
No shared spaces configured.
Event: 0.975 GC heap after
Heap after GC invocations=1 (full 0):
 def new generation   total 4928K, used 512K [0x02c00000, 0x03150000, 0x08150000)
  eden space 4416K,   0% used [0x02c00000, 0x02c00000, 0x03050000)
  from space 512K, 100% used [0x030d0000, 0x03150000, 0x03150000)
  to   space 512K,   0% used [0x03050000, 0x03050000, 0x030d0000)
 tenured generation   total 10944K, used 1077K [0x08150000, 0x08c00000, 0x12c00000)
   the space 10944K,   9% used [0x08150000, 0x0825d5e0, 0x0825d600, 0x08c00000)
 compacting perm gen  total 12288K, used 3496K [0x12c00000, 0x13800000, 0x16c00000)
   the space 12288K,  28% used [0x12c00000, 0x12f6a2e0, 0x12f6a400, 0x13800000)
No shared spaces configured.
}
Event: 1.429 GC heap before
{Heap before GC invocations=1 (full 0):
 def new generation   total 4928K, used 4911K [0x02c00000, 0x03150000, 0x08150000)
  eden space 4416K,  99% used [0x02c00000, 0x0304bc08, 0x03050000)
  from space 512K, 100% used [0x030d0000, 0x03150000, 0x03150000)
  to   space 512K,   0% used [0x03050000, 0x03050000, 0x030d0000)
 tenured generation   total 10944K, used 1077K [0x08150000, 0x08c00000, 0x12c00000)
   the space 10944K,   9% used [0x08150000, 0x0825d5e0, 0x0825d600, 0x08c00000)
 compacting perm gen  total 12288K, used 5018K [0x12c00000, 0x13800000, 0x16c00000)
   the space 12288K,  40% used [0x12c00000, 0x130e6a38, 0x130e6c00, 0x13800000)
No shared spaces configured.
Event: 1.440 GC heap after
Heap after GC invocations=2 (full 0):
 def new generation   total 4928K, used 512K [0x02c00000, 0x03150000, 0x08150000)
  eden space 4416K,   0% used [0x02c00000, 0x02c00000, 0x03050000)
  from space 512K, 100% used [0x03050000, 0x030d0000, 0x030d0000)
  to   space 512K,   0% used [0x030d0000, 0x030d0000, 0x03150000)
 tenured generation   total 10944K, used 2034K [0x08150000, 0x08c00000, 0x12c00000)
   the space 10944K,  18% used [0x08150000, 0x0834c9c8, 0x0834ca00, 0x08c00000)
 compacting perm gen  total 12288K, used 5018K [0x12c00000, 0x13800000, 0x16c00000)
   the space 12288K,  40% used [0x12c00000, 0x130e6a38, 0x130e6c00, 0x13800000)
No shared spaces configured.
}

Deoptimization events (0 events):
No events

Internal exceptions (10 events):
Event: 1.541 Thread 0x0086cc00 Threw 0x02d1ce98 at C:\re\jdk7u79\2331\hotspot\src\share\vm\prims\jvm.cpp:1304
Event: 1.542 Thread 0x0086cc00 Threw 0x02d25f28 at C:\re\jdk7u79\2331\hotspot\src\share\vm\prims\jvm.cpp:1304
Event: 1.543 Thread 0x0086cc00 Threw 0x02d2b4d8 at C:\re\jdk7u79\2331\hotspot\src\share\vm\prims\jvm.cpp:1304
Event: 1.545 Thread 0x0086cc00 Threw 0x02d31280 at C:\re\jdk7u79\2331\hotspot\src\share\vm\prims\jvm.cpp:1304
Event: 1.547 Thread 0x0086cc00 Threw 0x02d37718 at C:\re\jdk7u79\2331\hotspot\src\share\vm\prims\jvm.cpp:1304
Event: 1.548 Thread 0x0086cc00 Threw 0x02d403b0 at C:\re\jdk7u79\2331\hotspot\src\share\vm\prims\jvm.cpp:1304
Event: 1.552 Thread 0x0086cc00 Threw 0x02d53c18 at C:\re\jdk7u79\2331\hotspot\src\share\vm\prims\jvm.cpp:1304
Event: 1.554 Thread 0x0086cc00 Threw 0x02d5f788 at C:\re\jdk7u79\2331\hotspot\src\share\vm\prims\jvm.cpp:1304
Event: 1.555 Thread 0x0086cc00 Threw 0x02d64d10 at C:\re\jdk7u79\2331\hotspot\src\share\vm\prims\jvm.cpp:1304
Event: 1.658 Thread 0x0086cc00 Threw 0x02d835a8 at C:\re\jdk7u79\2331\hotspot\src\share\vm\prims\jvm.cpp:1304

Events (10 events):
Event: 131.312 Executing VM operation: GetOrSetLocal done
Event: 131.313 Executing VM operation: GetOrSetLocal
Event: 131.313 Executing VM operation: GetOrSetLocal done
Event: 131.319 Executing VM operation: GetOrSetLocal
Event: 131.319 Executing VM operation: GetOrSetLocal done
Event: 131.319 Executing VM operation: GetOrSetLocal
Event: 131.319 Executing VM operation: GetOrSetLocal done
Event: 134.271 Thread 0x16dc0800 flushing nmethod 0x00b68f88
Event: 234.952 Executing VM operation: RedefineClasses
Event: 234.956 Executing VM operation: RedefineClasses done


Dynamic libraries:
0x00400000 - 0x0042f000 	C:\Program Files\Java\jdk1.7.0_79\jre\bin\javaw.exe
0x7c920000 - 0x7c9b6000 	C:\WINDOWS\system32\ntdll.dll
0x7c800000 - 0x7c91e000 	C:\WINDOWS\system32\kernel32.dll
0x77da0000 - 0x77e49000 	C:\WINDOWS\system32\ADVAPI32.dll
0x77e50000 - 0x77ee3000 	C:\WINDOWS\system32\RPCRT4.dll
0x77fc0000 - 0x77fd1000 	C:\WINDOWS\system32\Secur32.dll
0x77d10000 - 0x77da0000 	C:\WINDOWS\system32\USER32.dll
0x77ef0000 - 0x77f39000 	C:\WINDOWS\system32\GDI32.dll
0x77180000 - 0x77283000 	C:\WINDOWS\WinSxS\x86_Microsoft.Windows.Common-Controls_6595b64144ccf1df_6.0.2600.6028_x-ww_61e65202\COMCTL32.dll
0x77be0000 - 0x77c38000 	C:\WINDOWS\system32\msvcrt.dll
0x77f40000 - 0x77fb6000 	C:\WINDOWS\system32\SHLWAPI.dll
0x76300000 - 0x7631d000 	C:\WINDOWS\system32\IMM32.DLL
0x62c20000 - 0x62c29000 	C:\WINDOWS\system32\LPK.DLL
0x73fa0000 - 0x7400b000 	C:\WINDOWS\system32\USP10.dll
0x78aa0000 - 0x78b5f000 	C:\Program Files\Java\jdk1.7.0_79\jre\bin\msvcr100.dll
0x6e8d0000 - 0x6ec59000 	C:\Program Files\Java\jdk1.7.0_79\jre\bin\client\jvm.dll
0x71a40000 - 0x71a4b000 	C:\WINDOWS\system32\WSOCK32.dll
0x71a20000 - 0x71a37000 	C:\WINDOWS\system32\WS2_32.dll
0x71a10000 - 0x71a18000 	C:\WINDOWS\system32\WS2HELP.dll
0x76b10000 - 0x76b3a000 	C:\WINDOWS\system32\WINMM.dll
0x76bc0000 - 0x76bcb000 	C:\WINDOWS\system32\PSAPI.DLL
0x6e820000 - 0x6e82c000 	C:\Program Files\Java\jdk1.7.0_79\jre\bin\verify.dll
0x6d590000 - 0x6d5b0000 	C:\Program Files\Java\jdk1.7.0_79\jre\bin\java.dll
0x6d6d0000 - 0x6d6fa000 	C:\Program Files\Java\jdk1.7.0_79\jre\bin\jdwp.dll
0x6e6a0000 - 0x6e6a7000 	C:\Program Files\Java\jdk1.7.0_79\jre\bin\npt.dll
0x6e8b0000 - 0x6e8c3000 	C:\Program Files\Java\jdk1.7.0_79\jre\bin\zip.dll
0x6d350000 - 0x6d358000 	C:\Program Files\Java\jdk1.7.0_79\jre\bin\dt_socket.dll
0x17020000 - 0x1718d000 	C:\Program Files\Sangfor\SSL\ClientComponent\SangforNsp.dll
0x73d30000 - 0x73e22000 	C:\WINDOWS\system32\MFC42.DLL
0x7d590000 - 0x7dd85000 	C:\WINDOWS\system32\SHELL32.dll
0x76990000 - 0x76ace000 	C:\WINDOWS\system32\ole32.dll
0x770f0000 - 0x7717b000 	C:\WINDOWS\system32\OLEAUT32.dll
0x1a400000 - 0x1a532000 	C:\WINDOWS\system32\urlmon.dll
0x5dca0000 - 0x5de88000 	C:\WINDOWS\system32\iertutil.dll
0x75ff0000 - 0x76055000 	C:\WINDOWS\system32\MSVCP60.dll
0x76d30000 - 0x76d48000 	C:\WINDOWS\system32\iphlpapi.dll
0x61be0000 - 0x61bed000 	C:\WINDOWS\system32\MFC42LOC.DLL
0x76fa0000 - 0x7701f000 	C:\WINDOWS\system32\CLBCATQ.DLL
0x77020000 - 0x770ba000 	C:\WINDOWS\system32\COMRes.dll
0x77bd0000 - 0x77bd8000 	C:\WINDOWS\system32\VERSION.dll
0x719c0000 - 0x719fe000 	C:\WINDOWS\System32\mswsock.dll
0x76ef0000 - 0x76f17000 	C:\WINDOWS\system32\DNSAPI.dll
0x76d10000 - 0x76d28000 	C:\WINDOWS\system32\MPRAPI.dll
0x77c90000 - 0x77cc2000 	C:\WINDOWS\system32\ACTIVEDS.dll
0x76de0000 - 0x76e05000 	C:\WINDOWS\system32\adsldpc.dll
0x5fdd0000 - 0x5fe25000 	C:\WINDOWS\system32\NETAPI32.dll
0x76f30000 - 0x76f5c000 	C:\WINDOWS\system32\WLDAP32.dll
0x76af0000 - 0x76b01000 	C:\WINDOWS\system32\ATL.DLL
0x76e50000 - 0x76e5e000 	C:\WINDOWS\system32\rtutils.dll
0x71b70000 - 0x71b83000 	C:\WINDOWS\system32\SAMLIB.dll
0x76060000 - 0x761b6000 	C:\WINDOWS\system32\SETUPAPI.dll
0x76f80000 - 0x76f88000 	C:\WINDOWS\System32\winrnr.dll
0x76f90000 - 0x76f96000 	C:\WINDOWS\system32\rasadhlp.dll
0x173c0000 - 0x17763000 	C:\Program Files\Sangfor\SSL\ClientComponent\SangforTcp.dll
0x765e0000 - 0x76673000 	C:\WINDOWS\system32\CRYPT32.dll
0x76db0000 - 0x76dc2000 	C:\WINDOWS\system32\MSASN1.dll
0x63000000 - 0x630e6000 	C:\WINDOWS\system32\WININET.dll
0x17230000 - 0x17239000 	C:\WINDOWS\system32\Normaliz.dll
0x60fd0000 - 0x61025000 	C:\WINDOWS\system32\hnetcfg.dll
0x71a00000 - 0x71a08000 	C:\WINDOWS\System32\wshtcpip.dll
0x6e550000 - 0x6e55a000 	C:\Program Files\Java\jdk1.7.0_79\jre\bin\management.dll
0x6e5f0000 - 0x6e604000 	C:\Program Files\Java\jdk1.7.0_79\jre\bin\net.dll
0x6e610000 - 0x6e61f000 	C:\Program Files\Java\jdk1.7.0_79\jre\bin\nio.dll
0x68d60000 - 0x68e01000 	C:\WINDOWS\system32\dbghelp.dll

VM Arguments:
jvm_args: -agentlib:jdwp=transport=dt_socket,suspend=y,address=localhost:4472 -Dfile.encoding=GBK 
java_command: org.studhorse.framework.util.Generator
Launcher Type: SUN_STANDARD

Environment Variables:
JAVA_HOME=C:\Program Files\Java\jdk1.8.0_60
CLASSPATH==.;C:\Program Files\Java\jdk1.8.0_60\lib;C:\Program Files\Java\jdk1.8.0_60\lib\tools.jar
PATH=C:\Program Files\Java\jdk1.7.0_79\jre\bin;C:/Program Files/Java/jre1.8.0_60/bin/client;C:/Program Files/Java/jre1.8.0_60/bin;C:/Program Files/Java/jre1.8.0_60/lib/i386;C:\Documents and Settings\All Users\Application Data\Oracle\Java\javapath;C:\Program Files\Common Files\NetSarang;C:\Program Files\Java\jdk1.8.0_60\bin;D:\apache-tomcat-6.0.35\bin;D:\oracle\product\10.2.0\tg_1\bin;D:\oracle\product\10.2.0\tg_1/bin;C:\oracle\product\10.2.0\client_1\bin;D:\MySQL\MySQL Server 5.5\bin;C:\WINDOWS\system32;C:\WINDOWS;C:\WINDOWS\System32\Wbem;C:\Program Files\Microsoft SQL Server\80\Tools\BINN;C:\Program Files\EasyPHP-12.1\mysql\bin;C:\Program Files\Microsoft SQL Server\90\Tools\binn\;C:\TortoiseSVN\bin;D:\gradle-2.6\bin;C:\Documents and Settings\tommy\Local Settings\Application Data\Kingsoft\WPS Office\9.1.0.5132\office6;C:\Program Files\SSH Communications Security\SSH Secure Shell;D:\spring-tool-suite-2\sts-bundle\sts-3.7.0.RELEASE;
USERNAME=tommy
OS=Windows_NT
PROCESSOR_IDENTIFIER=x86 Family 6 Model 15 Stepping 13, GenuineIntel



---------------  S Y S T E M  ---------------

OS: Windows XP Build 2600 Service Pack 3

CPU:total 2 (2 cores per cpu, 1 threads per core) family 6 model 15 stepping 13, cmov, cx8, fxsr, mmx, sse, sse2, sse3, ssse3, tsc

Memory: 4k page, physical 2087276k(426216k free), swap 4715340k(730608k free)

vm_info: Java HotSpot(TM) Client VM (24.79-b02) for windows-x86 JRE (1.7.0_79-b15), built on Apr 10 2015 16:49:13 by "java_re" with unknown MS VC++:1600

time: Sun Sep 13 15:12:29 2015
elapsed time: 235 seconds

